<?xml version="1.0" encoding="UTF-8"?>
<!-- Generated by org.testng.reporters.JUnitXMLReporter -->
<testsuite ignored="0" hostname="PREM-OPTIMUS" failures="0" tests="4" name="chromeTest" time="21.385" errors="0" timestamp="31 May 2022 07:09:25 GMT">
  <testcase classname="pack.CheckBox1" name="checkboxTest" time="0.234"/>
  <testcase classname="pack.LinksTesting1" name="linktesting1" time="0.74"/>
  <testcase classname="pack.TNG_001" name="amazon" time="2.828"/>
  <testcase classname="pack.RadioButton1" name="radioButtonTest" time="0.254"/>
</testsuite> <!-- chromeTest -->
