<?xml version="1.0" encoding="UTF-8"?>
<!-- Generated by org.testng.reporters.JUnitXMLReporter -->
<testsuite ignored="5" hostname="PREM-OPTIMUS" failures="0" tests="1" name="Default test" time="6.485" errors="0" timestamp="09 Jun 2022 04:43:42 GMT">
  <testcase classname="actions.MouseOperations" name="autosuggestion" time="3.87"/>
  <testcase classname="actions.MouseOperations" name="browserSlider" time="0.0">
    <ignored/>
  </testcase> <!-- browserSlider -->
  <testcase classname="actions.MouseOperations" name="dragDrop" time="0.0">
    <ignored/>
  </testcase> <!-- dragDrop -->
  <testcase classname="actions.MouseOperations" name="slider" time="0.0">
    <ignored/>
  </testcase> <!-- slider -->
  <testcase classname="actions.MouseOperations" name="rightClick" time="0.0">
    <ignored/>
  </testcase> <!-- rightClick -->
  <testcase classname="actions.MouseOperations" name="moveToElement" time="0.0">
    <ignored/>
  </testcase> <!-- moveToElement -->
</testsuite> <!-- Default test -->
