<?xml version="1.0" encoding="UTF-8"?>
<testng-results ignored="0" total="1" passed="1" failed="0" skipped="0">
  <reporter-output>
  </reporter-output>
  <suite started-at="2022-06-09T15:43:26Z" name="Suite" finished-at="2022-06-09T15:43:37Z" duration-ms="11167">
    <groups>
      <group name="regression">
        <method signature="CheckBox1.checkboxTest()[pri:0, instance:pack.CheckBox1@865dd6]" name="checkboxTest" class="pack.CheckBox1"/>
      </group> <!-- regression -->
      <group name="smoke">
        <method signature="CheckBox1.checkboxTest()[pri:0, instance:pack.CheckBox1@865dd6]" name="checkboxTest" class="pack.CheckBox1"/>
      </group> <!-- smoke -->
    </groups>
    <test started-at="2022-06-09T15:43:26Z" name="Test" finished-at="2022-06-09T15:43:37Z" duration-ms="11167">
      <class name="pack.CheckBox1">
        <test-method is-config="true" signature="beforeMethod(java.lang.String)[pri:0, instance:pack.CheckBox1@865dd6]" started-at="2022-06-09T21:13:26Z" name="beforeMethod" finished-at="2022-06-09T21:13:36Z" duration-ms="9524" status="PASS">
          <params>
            <param index="0">
              <value>
                <![CDATA[chrome]]>
              </value>
            </param>
          </params>
          <reporter-output>
          </reporter-output>
        </test-method> <!-- beforeMethod -->
        <test-method signature="checkboxTest()[pri:0, instance:pack.CheckBox1@865dd6]" started-at="2022-06-09T21:13:36Z" name="checkboxTest" finished-at="2022-06-09T21:13:36Z" duration-ms="188" status="PASS">
          <reporter-output>
          </reporter-output>
        </test-method> <!-- checkboxTest -->
        <test-method is-config="true" signature="afterMethod()[pri:0, instance:pack.CheckBox1@865dd6]" started-at="2022-06-09T21:13:36Z" name="afterMethod" finished-at="2022-06-09T21:13:37Z" duration-ms="1419" status="PASS">
          <reporter-output>
          </reporter-output>
        </test-method> <!-- afterMethod -->
      </class> <!-- pack.CheckBox1 -->
    </test> <!-- Test -->
  </suite> <!-- Suite -->
</testng-results>
